<?xml version="1.0" encoding="UTF-8"?>
<xro:conf xmlns:xro="http://x-road.eu/xsd/xroad.xsd">
    <data>Test data</data>
</xro:conf>

